<?xml version="1.0" encoding="UTF-8"?>
<testng-results ignored="0" total="1" passed="1" failed="0" skipped="0">
  <reporter-output>
  </reporter-output>
  <suite started-at="2023-01-06T17:13:27 IST" name="Suite" finished-at="2023-01-06T17:13:48 IST" duration-ms="20421">
    <groups>
    </groups>
    <test started-at="2023-01-06T17:13:27 IST" name="Test" finished-at="2023-01-06T17:13:48 IST" duration-ms="20421">
      <class name="com.automation.Testcase1">
        <test-method is-config="true" signature="openapp()[pri:0, instance:com.automation.Testcase1@793be5ca]" started-at="2023-01-06T17:13:27 IST" name="openapp" finished-at="2023-01-06T17:13:35 IST" duration-ms="7343" status="PASS">
          <reporter-output>
          </reporter-output>
        </test-method> <!-- openapp -->
        <test-method signature="tc1()[pri:0, instance:com.automation.Testcase1@793be5ca]" started-at="2023-01-06T17:13:35 IST" name="tc1" finished-at="2023-01-06T17:13:47 IST" duration-ms="11951" status="PASS">
          <reporter-output>
          </reporter-output>
        </test-method> <!-- tc1 -->
        <test-method is-config="true" signature="closeapp(org.testng.ITestResult)[pri:0, instance:com.automation.Testcase1@793be5ca]" started-at="2023-01-06T17:13:47 IST" name="closeapp" finished-at="2023-01-06T17:13:48 IST" duration-ms="1097" status="PASS">
          <params>
            <param index="0">
              <value>
                <![CDATA[[TestResult name=tc1 status=SUCCESS method=Testcase1.tc1()[pri:0, instance:com.automation.Testcase1@793be5ca] output={null}]]]>
              </value>
            </param>
          </params>
          <reporter-output>
          </reporter-output>
        </test-method> <!-- closeapp -->
      </class> <!-- com.automation.Testcase1 -->
    </test> <!-- Test -->
  </suite> <!-- Suite -->
</testng-results>
